2025-03-09 13:49:00 | DEBUG | repo=pv243-a4m36jee-2018-security-seminar | action=test | passed=true
2025-11-24 09:58:00 | WARN | repo=pv243-a4m36jee-2018-security-seminar | action=commit
2025-03-23 20:21:00 | DEBUG | repo=pv243-a4m36jee-2018-security-seminar | action=commit
2025-07-02 20:04:00 | DEBUG | repo=pv243-a4m36jee-2018-security-seminar | action=pull
2025-08-01 13:48:00 | DEBUG | repo=pv243-a4m36jee-2018-security-seminar | action=edit | files=2
2025-04-12 18:23:00 | WARN | repo=pv243-a4m36jee-2018-security-seminar | action=test | passed=true
2025-10-18 10:51:00 | DEBUG | repo=pv243-a4m36jee-2018-security-seminar | action=commit
2025-09-06 19:08:00 | WARN | repo=pv243-a4m36jee-2018-security-seminar | action=commit
2025-02-17 15:32:00 | WARN | repo=pv243-a4m36jee-2018-security-seminar | action=commit
2025-09-24 15:22:00 | DEBUG | repo=pv243-a4m36jee-2018-security-seminar | action=commit
2025-04-25 20:18:00 | WARN | repo=pv243-a4m36jee-2018-security-seminar | action=edit | files=1
2025-04-18 20:34:00 | INFO | repo=pv243-a4m36jee-2018-security-seminar | action=pull
2025-12-27 10:34:00 | INFO | repo=pv243-a4m36jee-2018-security-seminar | action=commit
2025-05-26 18:10:00 | DEBUG | repo=pv243-a4m36jee-2018-security-seminar | action=commit
2025-04-28 08:46:00 | DEBUG | repo=pv243-a4m36jee-2018-security-seminar | action=test | passed=true
2025-12-28 08:38:00 | INFO | repo=pv243-a4m36jee-2018-security-seminar | action=test | passed=true
2025-11-10 17:19:00 | INFO | repo=pv243-a4m36jee-2018-security-seminar | action=commit
2025-12-03 08:55:00 | WARN | repo=pv243-a4m36jee-2018-security-seminar | action=commit
2025-08-14 08:02:00 | WARN | repo=pv243-a4m36jee-2018-security-seminar | action=commit
2025-04-15 18:22:00 | INFO | repo=pv243-a4m36jee-2018-security-seminar | action=pull
2025-05-12 10:01:00 | DEBUG | repo=pv243-a4m36jee-2018-security-seminar | action=commit
2025-03-13 13:48:00 | DEBUG | repo=pv243-a4m36jee-2018-security-seminar | action=edit | files=3
2025-09-04 14:28:00 | INFO | repo=pv243-a4m36jee-2018-security-seminar | action=commit
2025-08-12 21:12:00 | WARN | repo=pv243-a4m36jee-2018-security-seminar | action=commit
2025-08-05 08:29:00 | DEBUG | repo=pv243-a4m36jee-2018-security-seminar | action=test | passed=true
2025-12-15 13:08:00 | WARN | repo=pv243-a4m36jee-2018-security-seminar | action=commit
2025-06-28 17:38:00 | WARN | repo=pv243-a4m36jee-2018-security-seminar | action=commit
2025-12-09 16:22:00 | DEBUG | repo=pv243-a4m36jee-2018-security-seminar | action=edit | files=1
2025-11-20 11:13:00 | INFO | repo=pv243-a4m36jee-2018-security-seminar | action=commit
2025-06-23 15:49:00 | DEBUG | repo=pv243-a4m36jee-2018-security-seminar | action=pull
2025-12-10 07:17:00 | INFO | repo=pv243-a4m36jee-2018-security-seminar | action=commit
2025-05-10 15:36:00 | WARN | repo=pv243-a4m36jee-2018-security-seminar | action=commit
2025-06-01 17:46:00 | WARN | repo=pv243-a4m36jee-2018-security-seminar | action=commit
2025-10-20 20:15:00 | INFO | repo=pv243-a4m36jee-2018-security-seminar | action=pull
2025-04-19 18:29:00 | INFO | repo=pv243-a4m36jee-2018-security-seminar | action=test | passed=true
2025-06-20 13:32:00 | WARN | repo=pv243-a4m36jee-2018-security-seminar | action=pull
2025-04-09 17:19:00 | DEBUG | repo=pv243-a4m36jee-2018-security-seminar | action=commit
2025-10-10 08:06:00 | WARN | repo=pv243-a4m36jee-2018-security-seminar | action=commit
2025-07-25 14:32:00 | INFO | repo=pv243-a4m36jee-2018-security-seminar | action=pull
2025-12-26 18:35:00 | DEBUG | repo=pv243-a4m36jee-2018-security-seminar | action=test | passed=true
2025-09-25 17:28:00 | WARN | repo=pv243-a4m36jee-2018-security-seminar | action=commit
2025-06-18 10:02:00 | WARN | repo=pv243-a4m36jee-2018-security-seminar | action=commit
2025-09-22 14:10:00 | DEBUG | repo=pv243-a4m36jee-2018-security-seminar | action=commit
2025-03-19 07:53:00 | INFO | repo=pv243-a4m36jee-2018-security-seminar | action=pull
2025-07-21 10:08:00 | INFO | repo=pv243-a4m36jee-2018-security-seminar | action=commit
2025-06-11 20:13:00 | INFO | repo=pv243-a4m36jee-2018-security-seminar | action=commit
2025-11-20 15:31:00 | WARN | repo=pv243-a4m36jee-2018-security-seminar | action=commit
2025-05-06 14:07:00 | INFO | repo=pv243-a4m36jee-2018-security-seminar | action=pull
2025-09-03 21:17:00 | WARN | repo=pv243-a4m36jee-2018-security-seminar | action=commit
2025-01-19 08:24:00 | WARN | repo=pv243-a4m36jee-2018-security-seminar | action=commit
